<?xml version="1.0" encoding="UTF-8" ?>
<testsuites>
  <testsuite errors="0" failures="0" hostname="ubuntu" id="0" name="MyUnitTest" package="" tests="1" time="0.072" timestamp="2014-04-10T13:45:45">
      <properties>
[...]
</properties>

      <testcase classname="MyUnitTest" name="testConcatenate" time="0.002" />

      <system-out />

      <system-err />

  </testsuite>
  <testsuite errors="0" failures="0" hostname="ubuntu" id="1" name="ScenarioControllerTest" package="" tests="1" time="0.08" timestamp="2014-04-10T14:27:13">
      <properties>
[...]
</properties>

      <testcase classname="ScenarioControllerTest" name="testLoadScenarios" time="0.007" />

      <system-out />

      <system-err />

  </testsuite>
  <testsuite errors="0" failures="0" hostname="ubuntu" id="2" name="SecondsPerDayControllerTest" package="" tests="1" time="0.078" timestamp="2014-04-10T14:27:15">
      <properties>
[...]
</properties>

      <testcase classname="SecondsPerDayControllerTest" name="testLoadSecondsPerDay" time="0.003" />

      <system-out />

      <system-err />

  </testsuite>
  <testsuite errors="0" failures="0" hostname="ubuntu" id="3" name="StartupControllerTest" package="" tests="5" time="0.087" timestamp="2014-04-10T14:27:16">
      <properties>
[...]
</properties>

      <testcase classname="StartupControllerTest" name="testDeveloperCost" time="0.002" />

      <testcase classname="StartupControllerTest" name="testDeveloperProductivity" time="0.001" />

      <testcase classname="StartupControllerTest" name="testPlayerMoney" time="0.0" />

      <testcase classname="StartupControllerTest" name="testPause" time="0.002" />

      <testcase classname="StartupControllerTest" name="testSecondsPerDay" time="0.0" />

      <system-out />

      <system-err />

  </testsuite>
  <testsuite errors="0" failures="1" hostname="ubuntu" id="4" name="TimeControllerTest" package="" tests="1" time="0.085" timestamp="2014-04-10T14:24:12">
      <properties>
[...]
</properties>

      <testcase classname="junit.framework.TestSuite$1" name="warning" time="0.009">
          <failure message="Exception in constructor: testPause (java.lang.NullPointerException&#xa;&#x9;at TimeController.&lt;init&gt;(Unknown Source)&#xa;&#x9;at TimeControllerTest.&lt;init&gt;(Unknown Source)&#xa;&#x9;at sun.reflect.NativeConstructorAccessorImpl.newInstance0(Native Method)&#xa;&#x9;at sun.reflect.NativeConstructorAccessorImpl.newInstance(NativeConstructorAccessorImpl.java:57)&#xa;&#x9;at sun.reflect.DelegatingConstructorAccessorImpl.newInstance(DelegatingConstructorAccessorImpl.java:45)&#xa;&#x9;at java.lang.reflect.Constructor.newInstance(Constructor.java:526)&#xa;&#x9;at junit.framework.TestSuite.createTest(TestSuite.java:131)&#xa;&#x9;at junit.framework.TestSuite.addTestMethod(TestSuite.java:114)&#xa;&#x9;at junit.framework.TestSuite.&lt;init&gt;(TestSuite.java:75)&#xa;&#x9;at org.apache.tools.ant.taskdefs.optional.junit.JUnitTestRunner.run(JUnitTestRunner.java:484)&#xa;&#x9;at org.apache.tools.ant.taskdefs.optional.junit.JUnitTestRunner.launch(JUnitTestRunner.java:1052)&#xa;&#x9;at org.apache.tools.ant.taskdefs.optional.junit.JUnitTestRunner.main(JUnitTestRunner.java:906)&#xa;)" type="junit.framework.AssertionFailedError">junit.framework.AssertionFailedError: Exception in constructor: testPause (java.lang.NullPointerException
	at TimeController.&lt;init&gt;(Unknown Source)
	at TimeControllerTest.&lt;init&gt;(Unknown Source)
	at java.lang.reflect.Constructor.newInstance(Constructor.java:526)
)
</failure>

      </testcase>

      <system-out />

      <system-err />

  </testsuite>
  <testsuite errors="1" failures="0" hostname="ubuntu" id="5" name="TimeControllerTest" package="controllers" tests="1" time="0.0" timestamp="2014-04-10T14:21:06">
      <properties>
[...]
</properties>

      <error message="controllers.TimeControllerTest" type="java.lang.ClassNotFoundException">java.lang.ClassNotFoundException: controllers.TimeControllerTest
	at java.net.URLClassLoader$1.run(URLClassLoader.java:366)
	at java.net.URLClassLoader$1.run(URLClassLoader.java:355)
	at java.security.AccessController.doPrivileged(Native Method)
	at java.net.URLClassLoader.findClass(URLClassLoader.java:354)
	at java.lang.ClassLoader.loadClass(ClassLoader.java:425)
	at sun.misc.Launcher$AppClassLoader.loadClass(Launcher.java:308)
	at java.lang.ClassLoader.loadClass(ClassLoader.java:358)
	at java.lang.Class.forName0(Native Method)
	at java.lang.Class.forName(Class.java:190)
</error>

      <system-out />

      <system-err />

  </testsuite>
  <testsuite errors="1" failures="0" hostname="ubuntu" id="6" name="StartupControllerTest" package="tests" tests="1" time="0.0" timestamp="2014-04-10T13:58:22">
      <properties>
[...]
</properties>

      <error message="tests.StartupControllerTest" type="java.lang.ClassNotFoundException">java.lang.ClassNotFoundException: tests.StartupControllerTest
	at java.net.URLClassLoader$1.run(URLClassLoader.java:366)
	at java.net.URLClassLoader$1.run(URLClassLoader.java:355)
	at java.security.AccessController.doPrivileged(Native Method)
	at java.net.URLClassLoader.findClass(URLClassLoader.java:354)
	at java.lang.ClassLoader.loadClass(ClassLoader.java:425)
	at sun.misc.Launcher$AppClassLoader.loadClass(Launcher.java:308)
	at java.lang.ClassLoader.loadClass(ClassLoader.java:358)
	at java.lang.Class.forName0(Native Method)
	at java.lang.Class.forName(Class.java:190)
</error>

      <system-out />

      <system-err />

  </testsuite>
</testsuites>
